<?xml version="1.0" encoding="UTF-8"?>
<!-- Generated by org.testng.reporters.JUnitReportReporter -->
<testsuite hostname="Manjulas-MacBook-Pro.local" name="com.arrays.test.TestLargestNumber" tests="5" failures="0" timestamp="25 Nov 2015 16:44:06 GMT" time="0.019" errors="0">
  <testcase name="testMixedNumbers" time="0.000" classname="com.arrays.test.TestLargestNumber"/>
  <testcase name="testNegativeNumbers" time="0.001" classname="com.arrays.test.TestLargestNumber"/>
  <testcase name="testZeroes" time="0.001" classname="com.arrays.test.TestLargestNumber"/>
  <testcase name="testPositiveNumbers" time="0.001" classname="com.arrays.test.TestLargestNumber"/>
  <testcase name="testDuplicateNumbers" time="0.016" classname="com.arrays.test.TestLargestNumber"/>
</testsuite> <!-- com.arrays.test.TestLargestNumber -->
