<?xml version="1.0" encoding="UTF-8"?>
<!-- Generated by org.testng.reporters.JUnitReportReporter -->
<testsuite hostname="Manjulas-MacBook-Pro.local" name="com.test.arrays.TestMissingNumber" tests="2" failures="0" timestamp="27 Nov 2015 23:22:04 GMT" time="0.002" errors="0">
  <testcase name="testPositiveNumbers" time="0.001" classname="com.test.arrays.TestMissingNumber"/>
  <testcase name="testNegativeNumbers" time="0.001" classname="com.test.arrays.TestMissingNumber"/>
</testsuite> <!-- com.test.arrays.TestMissingNumber -->
