<?xml version="1.0" encoding="UTF-8"?>
<!-- Generated by org.testng.reporters.JUnitReportReporter -->
<testsuite hostname="Manjulas-MacBook-Pro.local" name="com.test.loops.TestFactorial" tests="2" failures="0" timestamp="27 Nov 2015 23:18:49 GMT" time="0.014" errors="0">
  <testcase name="testFactorialIter" time="0.013" classname="com.test.loops.TestFactorial"/>
  <testcase name="testFactorialRecurs" time="0.001" classname="com.test.loops.TestFactorial"/>
</testsuite> <!-- com.test.loops.TestFactorial -->
