<?xml version="1.0" encoding="UTF-8"?>
<!-- Generated by org.testng.reporters.JUnitReportReporter -->
<testsuite hostname="Manjulas-MacBook-Pro.local" name="com.loops.test.TestFactorial" tests="2" failures="0" timestamp="27 Nov 2015 16:59:17 GMT" time="0.015" errors="0">
  <testcase name="testFactorialIter" time="0.014" classname="com.loops.test.TestFactorial"/>
  <testcase name="testFactorialRecurs" time="0.001" classname="com.loops.test.TestFactorial"/>
</testsuite> <!-- com.loops.test.TestFactorial -->
