<?xml version="1.0" encoding="UTF-8"?>
<!-- Generated by org.testng.reporters.JUnitReportReporter -->
<testsuite hostname="Manjulas-MacBook-Pro.local" name="com.loops.test.TestPrimeNumber" tests="6" failures="0" timestamp="27 Nov 2015 16:59:17 GMT" time="0.004" errors="0">
  <testcase name="testforPrime" time="0.001" classname="com.loops.test.TestPrimeNumber"/>
  <testcase name="testforPrime" time="0.000" classname="com.loops.test.TestPrimeNumber"/>
  <testcase name="testforPrime" time="0.000" classname="com.loops.test.TestPrimeNumber"/>
  <testcase name="testforPrime" time="0.001" classname="com.loops.test.TestPrimeNumber"/>
  <testcase name="testforPrime" time="0.001" classname="com.loops.test.TestPrimeNumber"/>
  <testcase name="testforPrime" time="0.001" classname="com.loops.test.TestPrimeNumber"/>
</testsuite> <!-- com.loops.test.TestPrimeNumber -->
